<?xml version="1.0" encoding="UTF-8" ?>
<testsuite errors="0" failures="0" hostname="fedora" name="ppe2022_pharmacie.pkgDAO.UtilisateurDAOTest" skipped="0" tests="6" time="0.511" timestamp="2022-10-18T12:08:52">
  <properties>
[...]
</properties>
  <testcase classname="ppe2022_pharmacie.pkgDAO.UtilisateurDAOTest" name="testFindAll" time="0.356" />
  <testcase classname="ppe2022_pharmacie.pkgDAO.UtilisateurDAOTest" name="testAuthentification" time="0.006" />
  <testcase classname="ppe2022_pharmacie.pkgDAO.UtilisateurDAOTest" name="testGetHashMdp" time="0.001" />
  <testcase classname="ppe2022_pharmacie.pkgDAO.UtilisateurDAOTest" name="testCreate" time="0.001" />
  <testcase classname="ppe2022_pharmacie.pkgDAO.UtilisateurDAOTest" name="testDelete" time="0.001" />
  <testcase classname="ppe2022_pharmacie.pkgDAO.UtilisateurDAOTest" name="testUpdate" time="0.0" />
  <system-out><![CDATA[findAll
Connexion effective !
Authentification
getHashMdp
create
delete
update
]]></system-out>
  <system-err><![CDATA[]]></system-err>
</testsuite>
