<?xml version="1.0" encoding="UTF-8" ?>
<testsuite errors="1" failures="1" hostname="DESKTOP-O5RG5AI" name="ppe2022_pharmacie.pkgDAO.UtilisateurDAOTest" skipped="0" tests="7" time="0.463" timestamp="2022-10-16T10:39:10">
  <properties>
[...]
</properties>
  <testcase classname="ppe2022_pharmacie.pkgDAO.UtilisateurDAOTest" name="testFindAll" time="0.408">
    <failure message="expected:&lt;login=[Valentin | service=Pharmacien | idService=2]&gt; but was:&lt;login=[Gaetan     | service=Administration | idService=1]&gt;" type="junit.framework.AssertionFailedError">junit.framework.AssertionFailedError: expected:&lt;login=[Valentin | service=Pharmacien | idService=2]&gt; but was:&lt;login=[Gaetan     | service=Administration | idService=1]&gt;
	at ppe2022_pharmacie.pkgDAO.UtilisateurDAOTest.testFindAll(UtilisateurDAOTest.java:116)
</failure>
  </testcase>
  <testcase classname="ppe2022_pharmacie.pkgDAO.UtilisateurDAOTest" name="testFind" time="0.001">
    <error message="Not supported." type="java.lang.UnsupportedOperationException">java.lang.UnsupportedOperationException: Not supported.
	at ppe2022_pharmacie.pkgDAO.UtilisateurDAO.find(UtilisateurDAO.java:46)
	at ppe2022_pharmacie.pkgDAO.UtilisateurDAOTest.testFind(UtilisateurDAOTest.java:67)
</error>
  </testcase>
  <testcase classname="ppe2022_pharmacie.pkgDAO.UtilisateurDAOTest" name="testAuthentification" time="0.004" />
  <testcase classname="ppe2022_pharmacie.pkgDAO.UtilisateurDAOTest" name="testGetHashMdp" time="0.001" />
  <testcase classname="ppe2022_pharmacie.pkgDAO.UtilisateurDAOTest" name="testCreate" time="0.0" />
  <testcase classname="ppe2022_pharmacie.pkgDAO.UtilisateurDAOTest" name="testDelete" time="0.001" />
  <testcase classname="ppe2022_pharmacie.pkgDAO.UtilisateurDAOTest" name="testUpdate" time="0.001" />
  <system-out><![CDATA[findAll
Connexion effective !
find
Authentification
getHashMdp
create
delete
update
]]></system-out>
  <system-err><![CDATA[]]></system-err>
</testsuite>
