<?xml version="1.0" encoding="UTF-8" ?>
<testsuite errors="3" failures="0" hostname="DESKTOP-K459FBH" name="ppe2022_pharmacie.pkgDAO.ServiceDAOTest" skipped="0" tests="6" time="0.525" timestamp="2022-10-12T15:47:56">
  <properties>
[...]
</properties>
  <testcase classname="ppe2022_pharmacie.pkgDAO.ServiceDAOTest" name="testFindAll" time="0.417" />
  <testcase classname="ppe2022_pharmacie.pkgDAO.ServiceDAOTest" name="testFind" time="0.001" />
  <testcase classname="ppe2022_pharmacie.pkgDAO.ServiceDAOTest" name="testCreate" time="0.004">
    <error message="Not supported" type="java.lang.UnsupportedOperationException">java.lang.UnsupportedOperationException: Not supported
	at ppe2022_pharmacie.pkgDAO.ServiceDAO.create(ServiceDAO.java:28)
	at ppe2022_pharmacie.pkgDAO.ServiceDAOTest.testCreate(ServiceDAOTest.java:52)
	at java.base/jdk.internal.reflect.NativeMethodAccessorImpl.invoke0(Native Method)
	at java.base/jdk.internal.reflect.NativeMethodAccessorImpl.invoke(NativeMethodAccessorImpl.java:78)
	at java.base/jdk.internal.reflect.DelegatingMethodAccessorImpl.invoke(DelegatingMethodAccessorImpl.java:43)
</error>
  </testcase>
  <testcase classname="ppe2022_pharmacie.pkgDAO.ServiceDAOTest" name="testDelete" time="0.0">
    <error message="Not supported" type="java.lang.UnsupportedOperationException">java.lang.UnsupportedOperationException: Not supported
	at ppe2022_pharmacie.pkgDAO.ServiceDAO.delete(ServiceDAO.java:71)
	at ppe2022_pharmacie.pkgDAO.ServiceDAOTest.testDelete(ServiceDAOTest.java:98)
	at java.base/jdk.internal.reflect.NativeMethodAccessorImpl.invoke0(Native Method)
	at java.base/jdk.internal.reflect.NativeMethodAccessorImpl.invoke(NativeMethodAccessorImpl.java:78)
	at java.base/jdk.internal.reflect.DelegatingMethodAccessorImpl.invoke(DelegatingMethodAccessorImpl.java:43)
</error>
  </testcase>
  <testcase classname="ppe2022_pharmacie.pkgDAO.ServiceDAOTest" name="testUpdate" time="0.001">
    <error message="Not supported" type="java.lang.UnsupportedOperationException">java.lang.UnsupportedOperationException: Not supported
	at ppe2022_pharmacie.pkgDAO.ServiceDAO.update(ServiceDAO.java:62)
	at ppe2022_pharmacie.pkgDAO.ServiceDAOTest.testUpdate(ServiceDAOTest.java:83)
	at java.base/jdk.internal.reflect.NativeMethodAccessorImpl.invoke0(Native Method)
	at java.base/jdk.internal.reflect.NativeMethodAccessorImpl.invoke(NativeMethodAccessorImpl.java:78)
	at java.base/jdk.internal.reflect.DelegatingMethodAccessorImpl.invoke(DelegatingMethodAccessorImpl.java:43)
</error>
  </testcase>
  <testcase classname="ppe2022_pharmacie.pkgDAO.ServiceDAOTest" name="testGetIdService" time="0.001" />
  <system-out><![CDATA[findAll
Connexion effective !
find
create
delete
update
getIdService
]]></system-out>
  <system-err><![CDATA[]]></system-err>
</testsuite>
